<?xml version="1.0" encoding="UTF-8" ?>
<testsuite tests="2" failures="1" name="tests.TestAuth" time="108.985" errors="0" skipped="0">
  <properties>
[...]
</properties>
  <testcase classname="tests.TestAuth" name="TestSettingsNet" time="57.831"/>
  <testcase classname="tests.TestAuth" name="TestSipValidDate" time="51.154">
    <failure type="java.lang.AssertionError:">java.lang.AssertionError: null
	at page.SIP.Sip.setAssertSip(Sip.java:99)
	at steps.SIPSteps.SipSteps.addAssertSip(SipSteps.java:52)
	at tests.TestAuth.TestSipValidDate(TestAuth.java:65)
</failure>
    <system-out>java.lang.AssertionError: null
</system-out>
    <system-err>[main] INFO net.thucydides.core.Thucydides - Test Suite Started: Test auth
[main] INFO net.thucydides.core.Thucydides - 
  _____ _____ ____ _____   ____ _____  _    ____ _____ _____ ____  
 |_   _| ____/ ___|_   _| / ___|_   _|/ \  |  _ \_   _| ____|  _ \ 
   | | |  _| \___ \ | |   \___ \ | | / _ \ | |_) || | |  _| | | | |
   | | | |___ ___) || |    ___) || |/ ___ \|  _ &lt; | | | |___| |_| |
   |_| |_____|____/ |_|   |____/ |_/_/   \_\_| \_\|_| |_____|____/ 
                                                                   

TEST STARTED: TestSipValidDate
--------------------------------------------------------------------
[main] INFO net.thucydides.core.Thucydides - TEST NUMBER: 2
[main] INFO net.thucydides.core.steps.StepInterceptor - STARTING STEP: start_browser
Starting ChromeDriver 2.16.333243 (0bfa1d3575fc1044244f21ddb82bf870944ef961) on port 13987
Only local connections are allowed.
[main] INFO net.thucydides.core.steps.StepInterceptor - STEP DONE: start_browser
[main] INFO net.thucydides.core.steps.StepInterceptor - STARTING STEP: addClickSip
[main] INFO net.thucydides.core.steps.StepInterceptor - STEP DONE: addClickSip
[main] INFO net.thucydides.core.steps.StepInterceptor - STARTING STEP: addIp
[main] INFO net.thucydides.core.steps.StepInterceptor - STEP DONE: addIp
[main] INFO net.thucydides.core.steps.StepInterceptor - STARTING STEP: addLogin
[main] INFO net.thucydides.core.steps.StepInterceptor - STEP DONE: addLogin
[main] INFO net.thucydides.core.steps.StepInterceptor - STARTING STEP: addPass
[main] INFO net.thucydides.core.steps.StepInterceptor - STEP DONE: addPass
[main] INFO net.thucydides.core.steps.StepInterceptor - STARTING STEP: addRegistration
[main] INFO net.thucydides.core.steps.StepInterceptor - STEP DONE: addRegistration
[main] INFO net.thucydides.core.steps.StepInterceptor - STARTING STEP: addSaveSip
[main] INFO net.thucydides.core.steps.StepInterceptor - STEP DONE: addSaveSip
[main] INFO net.thucydides.core.steps.StepInterceptor - STARTING STEP: addAssertSip
[main] INFO net.thucydides.core.steps.StepInterceptor - STEP FAILED: addAssertSip - null
[main] INFO net.thucydides.core.Thucydides - 
           __  _____ _____ ____ _____   _____ _    ___ _     _____ ____  
  _       / / |_   _| ____/ ___|_   _| |  ___/ \  |_ _| |   | ____|  _ \ 
 (_)_____| |    | | |  _| \___ \ | |   | |_ / _ \  | || |   |  _| | | | |
  _|_____| |    | | | |___ ___) || |   |  _/ ___ \ | || |___| |___| |_| |
 (_)     | |    |_| |_____|____/ |_|   |_|/_/   \_\___|_____|_____|____/ 
          \_\                                                            

TEST FAILED: Test sip valid date
--------------------------------------------------------------------------
[main] INFO net.thucydides.core.Thucydides - RELATED ISSUES: 
[main] INFO net.thucydides.core.Thucydides - 
  _____ _    ___ _     _   _ ____  _____ 
 |  ___/ \  |_ _| |   | | | |  _ \| ____|
 | |_ / _ \  | || |   | | | | |_) |  _|  
 |  _/ ___ \ | || |___| |_| |  _ &lt;| |___ 
 |_|/_/   \_\___|_____|\___/|_| \_\_____|
                                         

null
</system-err>
  </testcase>
</testsuite>