-------------------------------------------------------------------------------
Test set: tests.TestAuth
-------------------------------------------------------------------------------
Tests run: 2, Failures: 1, Errors: 0, Skipped: 0, Time elapsed: 112.756 sec <<< FAILURE!
TestSipValidDate(tests.TestAuth)  Time elapsed: 51.154 sec  <<< FAILURE!
java.lang.AssertionError: null
	at page.SIP.Sip.setAssertSip(Sip.java:99)
	at steps.SIPSteps.SipSteps.addAssertSip(SipSteps.java:52)
	at tests.TestAuth.TestSipValidDate(TestAuth.java:65)

